0 info it worked if it ends with ok
1 verbose cli [ '/usr/bin/node', '/usr/bin/npm', 'publish' ]
2 info using npm@3.5.2
3 info using node@v8.10.0
4 verbose publish [ '.' ]
5 silly cache add args [ '.', null ]
6 verbose cache add spec .
7 silly cache add parsed spec Result {
7 silly cache add   raw: '.',
7 silly cache add   scope: null,
7 silly cache add   name: null,
7 silly cache add   rawSpec: '.',
7 silly cache add   spec: '/mnt/c/Users/Ryan/Sites/rapi/api-tools',
7 silly cache add   type: 'directory' }
8 verbose addLocalDirectory /home/rw3iss/.npm/api-tools/1.0.0/package.tgz not in flight; packing
9 info lifecycle api-tools@1.0.0~prepublish: api-tools@1.0.0
10 silly lifecycle api-tools@1.0.0~prepublish: no script for prepublish, continuing
11 verbose tar pack [ '/home/rw3iss/.npm/api-tools/1.0.0/package.tgz',
11 verbose tar pack   '/mnt/c/Users/Ryan/Sites/rapi/api-tools' ]
12 verbose tarball /home/rw3iss/.npm/api-tools/1.0.0/package.tgz
13 verbose folder /mnt/c/Users/Ryan/Sites/rapi/api-tools
14 verbose addLocalTarball adding from inside cache /home/rw3iss/.npm/api-tools/1.0.0/package.tgz
15 silly cache afterAdd api-tools@1.0.0
16 verbose afterAdd /home/rw3iss/.npm/api-tools/1.0.0/package/package.json not in flight; writing
17 verbose afterAdd /home/rw3iss/.npm/api-tools/1.0.0/package/package.json written
18 silly publish { name: 'api-tools',
18 silly publish   version: '1.0.0',
18 silly publish   description: 'Bundle of utilities for generating migration files, syncing schema with database, and wiring up a REST API for a vanilla node backend (or integrated with any framework), all based on a schema.json file that it will keep in sync.',
18 silly publish   main: 'build/index.js',
18 silly publish   types: 'build/src/index.d.ts',
18 silly publish   scripts: { test: 'echo "Error: no test specified" && exit 1' },
18 silly publish   repository:
18 silly publish    { type: 'git',
18 silly publish      url: 'git+https://github.com/rw3iss/schema-tools.git' },
18 silly publish   keywords: [ 'schema', 'migrations', 'api', 'rest', 'database' ],
18 silly publish   author: { name: 'Ryan Weiss', email: 'rw3iss@gmail.com' },
18 silly publish   license: 'ISC',
18 silly publish   bugs: { url: 'https://github.com/rw3iss/api-tools/issues' },
18 silly publish   homepage: 'https://github.com/rw3iss/schema-tools#readme',
18 silly publish   dependencies:
18 silly publish    { '@types/node': 'latest',
18 silly publish      ajv: '^6.10.0',
18 silly publish      'clean-webpack-plugin': '^2.0.2',
18 silly publish      'find-my-way': '^2.0.1',
18 silly publish      lodash: '^4.17.11',
18 silly publish      mysql: '^2.17.1',
18 silly publish      'strip-json-comments-loader': '0.0.2',
18 silly publish      'ts-loader': '^6.0.0',
18 silly publish      typescript: '^3.4.5',
18 silly publish      webpack: 'latest',
18 silly publish      'webpack-cli': 'latest',
18 silly publish      'webpack-node-externals': '^1.7.2',
18 silly publish      'webpack-shell-plugin': '^0.5.0' },
18 silly publish   devDependencies: { 'db-migrate-mysql': '^1.1.10', 'node-db-migrate': '^1.0.1' },
18 silly publish   readme: 'ERROR: No README data found!',
18 silly publish   _id: 'api-tools@1.0.0',
18 silly publish   _shasum: '5da2901bd20cb5adeaf4c06c7b34978c4ea76884',
18 silly publish   _from: '.' }
19 verbose getPublishConfig undefined
20 silly mapToRegistry name api-tools
21 silly mapToRegistry using default registry
22 silly mapToRegistry registry https://registry.npmjs.org/
23 silly mapToRegistry uri https://registry.npmjs.org/api-tools
24 verbose publish registryBase https://registry.npmjs.org/
25 silly publish uploading /home/rw3iss/.npm/api-tools/1.0.0/package.tgz
26 verbose request uri https://registry.npmjs.org/api-tools
27 verbose request sending authorization for write operation
28 info attempt registry request try #1 at 6:40:35 AM
29 verbose request using bearer token for auth
30 verbose request id 27fd9399c6513f0e
31 http request PUT https://registry.npmjs.org/api-tools
32 http 403 https://registry.npmjs.org/api-tools
33 verbose headers { date: 'Sat, 25 May 2019 11:40:33 GMT',
33 verbose headers   'content-type': 'application/json',
33 verbose headers   'transfer-encoding': 'chunked',
33 verbose headers   connection: 'keep-alive',
33 verbose headers   'set-cookie':
33 verbose headers    [ '__cfduid=df85f5bc32d79cb490d9ecb5edaad44eb1558784432; expires=Sun, 24-May-20 11:40:32 GMT; path=/; domain=.registry.npmjs.org; HttpOnly' ],
33 verbose headers   'cf-ray': '4dc73c31f98cccf2-EWR',
33 verbose headers   'expect-ct': 'max-age=604800, report-uri="https://report-uri.cloudflare.com/cdn-cgi/beacon/expect-ct"',
33 verbose headers   vary: 'Accept-Encoding',
33 verbose headers   server: 'cloudflare',
33 verbose headers   'content-encoding': 'gzip' }
34 verbose request invalidating /home/rw3iss/.npm/registry.npmjs.org/api-tools on PUT
35 error publish Failed PUT 403
36 verbose stack Error: You do not have permission to publish "api-tools". Are you logged in as the correct user? : api-tools
36 verbose stack     at makeError (/usr/share/npm/node_modules/npm-registry-client/lib/request.js:264:12)
36 verbose stack     at CachingRegistryClient.<anonymous> (/usr/share/npm/node_modules/npm-registry-client/lib/request.js:252:14)
36 verbose stack     at /usr/share/npm/node_modules/npm-registry-client/lib/request.js:178:7
36 verbose stack     at Gunzip.onEnd (zlib.js:131:5)
36 verbose stack     at emitNone (events.js:111:20)
36 verbose stack     at Gunzip.emit (events.js:208:7)
36 verbose stack     at endReadableNT (_stream_readable.js:1064:12)
36 verbose stack     at _combinedTickCallback (internal/process/next_tick.js:138:11)
36 verbose stack     at process._tickCallback (internal/process/next_tick.js:180:9)
37 verbose statusCode 403
38 verbose pkgid api-tools
39 verbose cwd /mnt/c/Users/Ryan/Sites/rapi/api-tools
40 error Linux 4.4.0-17763-Microsoft
41 error argv "/usr/bin/node" "/usr/bin/npm" "publish"
42 error node v8.10.0
43 error npm  v3.5.2
44 error code E403
45 error You do not have permission to publish "api-tools". Are you logged in as the correct user? : api-tools
46 error If you need help, you may report this error at:
46 error     <https://github.com/npm/npm/issues>
47 verbose exit [ 1, true ]
